<?xml version="1.0" encoding="UTF-8"?>
<!-- Generated by org.testng.reporters.JUnitReportReporter -->
<testsuite skipped="0" hostname="Sajeduls-MBP-2.fios-router.home" name="Testing.TestRunner" tests="1" failures="0" timestamp="18 Dec 2019 19:14:25 GMT" time="5.794" errors="0">
  <testcase name="goJobTitlePage" time="5.794" classname="Testing.TestRunner"/>
</testsuite> <!-- Testing.TestRunner -->
